<?xml version="1.0" encoding="UTF-8"?>
<testsuite xmlns:xsi="http://www.w3.org/2001/XMLSchema-instance" xsi:noNamespaceSchemaLocation="https://maven.apache.org/surefire/maven-surefire-plugin/xsd/surefire-test-report-3.0.xsd" version="3.0" name="com.group15.AppTest" time="0.045" tests="1" errors="0" skipped="0" failures="0">
  <properties>
    <property name="java.specification.version" value="24"/>
    <property name="sun.cpu.isalist" value="amd64"/>
    <property name="sun.jnu.encoding" value="Cp1252"/>
    <property name="java.class.path" value="C:\OOP\Group15_OOP_NO2_term3_2025\Group15_OOP_NO2_term3_2025\target\test-classes;C:\OOP\Group15_OOP_NO2_term3_2025\Group15_OOP_NO2_term3_2025\target\classes;C:\Users\Admin\.m2\repository\junit\junit\4.13.2\junit-4.13.2.jar;C:\Users\Admin\.m2\repository\org\hamcrest\hamcrest-core\1.3\hamcrest-core-1.3.jar;"/>
    <property name="java.vm.vendor" value="Oracle Corporation"/>
    <property name="sun.arch.data.model" value="64"/>
    <property name="user.variant" value=""/>
    <property name="java.vendor.url" value="https://java.oracle.com/"/>
    <property name="user.timezone" value="Asia/Saigon"/>
    <property name="os.name" value="Windows 11"/>
    <property name="java.vm.specification.version" value="24"/>
    <property name="user.country" value="VN"/>
    <property name="sun.java.launcher" value="SUN_STANDARD"/>
    <property name="sun.boot.library.path" value="C:\Oracle_JDK-24\bin"/>
    <property name="sun.java.command" value="C:\Users\Admin\AppData\Local\Temp\surefire10922665812303898965\surefirebooter-20250519182043162_3.jar C:\Users\Admin\AppData\Local\Temp\surefire10922665812303898965 2025-05-19T18-20-42_864-jvmRun1 surefire-20250519182043162_1tmp surefire_0-20250519182043162_2tmp"/>
    <property name="jdk.debug" value="release"/>
    <property name="test" value="com.group15.AppTest"/>
    <property name="surefire.test.class.path" value="C:\OOP\Group15_OOP_NO2_term3_2025\Group15_OOP_NO2_term3_2025\target\test-classes;C:\OOP\Group15_OOP_NO2_term3_2025\Group15_OOP_NO2_term3_2025\target\classes;C:\Users\Admin\.m2\repository\junit\junit\4.13.2\junit-4.13.2.jar;C:\Users\Admin\.m2\repository\org\hamcrest\hamcrest-core\1.3\hamcrest-core-1.3.jar;"/>
    <property name="sun.cpu.endian" value="little"/>
    <property name="user.home" value="C:\Users\Admin"/>
    <property name="user.language" value="vi"/>
    <property name="java.specification.vendor" value="Oracle Corporation"/>
    <property name="java.version.date" value="2025-04-15"/>
    <property name="java.home" value="C:\Oracle_JDK-24"/>
    <property name="file.separator" value="\"/>
    <property name="basedir" value="C:\OOP\Group15_OOP_NO2_term3_2025\Group15_OOP_NO2_term3_2025"/>
    <property name="java.vm.compressedOopsMode" value="32-bit"/>
    <property name="line.separator" value="&#10;"/>
    <property name="java.vm.specification.vendor" value="Oracle Corporation"/>
    <property name="java.specification.name" value="Java Platform API Specification"/>
    <property name="surefire.real.class.path" value="C:\Users\Admin\AppData\Local\Temp\surefire10922665812303898965\surefirebooter-20250519182043162_3.jar"/>
    <property name="user.script" value=""/>
    <property name="sun.management.compiler" value="HotSpot 64-Bit Tiered Compilers"/>
    <property name="java.runtime.version" value="24.0.1+9-30"/>
    <property name="user.name" value="Nguyễn Đức Trọng"/>
    <property name="stdout.encoding" value="Cp1252"/>
    <property name="path.separator" value=";"/>
    <property name="os.version" value="10.0"/>
    <property name="java.runtime.name" value="Java(TM) SE Runtime Environment"/>
    <property name="file.encoding" value="UTF-8"/>
    <property name="java.vm.name" value="Java HotSpot(TM) 64-Bit Server VM"/>
    <property name="maven.ext.class.path" value="C:\Users\Admin\.vscode\extensions\oracle.oracle-java-24.0.0\nbcode\java\maven-nblib\netbeans-eventspy.jar"/>
    <property name="localRepository" value="C:\Users\Admin\.m2\repository"/>
    <property name="java.vendor.url.bug" value="https://bugreport.java.com/bugreport/"/>
    <property name="java.io.tmpdir" value="C:\Users\Admin\AppData\Local\Temp\"/>
    <property name="java.version" value="24.0.1"/>
    <property name="user.dir" value="C:\OOP\Group15_OOP_NO2_term3_2025\Group15_OOP_NO2_term3_2025"/>
    <property name="os.arch" value="amd64"/>
    <property name="java.vm.specification.name" value="Java Virtual Machine Specification"/>
    <property name="sun.os.patch.level" value=""/>
    <property name="native.encoding" value="Cp1252"/>
    <property name="java.library.path" value="C:\Oracle_JDK-24\bin;C:\WINDOWS\Sun\Java\bin;C:\WINDOWS\system32;C:\WINDOWS;C:\Program Files\Common Files\Oracle\Java\javapath;C:\Program Files\Eclipse Adoptium\jdk-17.0.14.7-hotspot\bin;C:\Windows\system32;C:\Windows;C:\Windows\System32\Wbem;C:\Windows\System32\WindowsPowerShell\v1.0\;C:\Windows\System32\OpenSSH\;C:\Program Files (x86)\NVIDIA Corporation\PhysX\Common;C:\WINDOWS\system32;C:\WINDOWS;C:\WINDOWS\System32\Wbem;C:\WINDOWS\System32\WindowsPowerShell\v1.0\;C:\WINDOWS\System32\OpenSSH\;C:\Program Files (x86)\Microsoft SQL Server\160\Tools\Binn\;C:\Program Files\Microsoft SQL Server\160\Tools\Binn\;C:\Program Files\Microsoft SQL Server\Client SDK\ODBC\170\Tools\Binn\;C:\Program Files\Microsoft SQL Server\160\DTS\Binn\;C:\apache-maven-3.9.9-bin\apache-maven-3.9.9\bin;C:\Program Files\Git\bin;C:\Program Files\Git\cmd;C:\Program Files\MySQL\MySQL Shell 8.0\bin\;C:\Users\Admin\AppData\Local\Microsoft\WindowsApps;C:\Users\Admin\AppData\Local\Programs\Microsoft VS Code\bin;C:\msys64\ucrt64\bin;;."/>
    <property name="java.vm.info" value="mixed mode, sharing"/>
    <property name="stderr.encoding" value="Cp1252"/>
    <property name="java.vendor" value="Oracle Corporation"/>
    <property name="java.vm.version" value="24.0.1+9-30"/>
    <property name="sun.io.unicode.encoding" value="UnicodeLittle"/>
    <property name="java.class.version" value="68.0"/>
  </properties>
  <testcase name="testApp" classname="com.group15.AppTest" time="0.005"/>
</testsuite>